<?xml version="1.0" encoding="UTF-8"?>
<!-- Generated by org.testng.reporters.JUnitReportReporter -->
<testsuite hostname="Pauls-MacBook-Pro.local" failures="0" tests="1" name="tests.SignInTest" time="14.284" errors="0" timestamp="2024-01-16T16:38:28 EST" skipped="0">
  <testcase classname="tests.SignInTest" name="test101" time="14.284"/>
  <system-out/>
</testsuite> <!-- tests.SignInTest -->
