<?xml version="1.0" encoding="UTF-8"?>
<!-- Generated by org.testng.reporters.JUnitReportReporter -->
<testsuite hostname="Pauls-MBP.fios-router.home" failures="0" tests="1" name="tests.SignInTest" time="14.283" errors="0" timestamp="2024-01-17T15:50:09 EST" skipped="0">
  <testcase classname="tests.SignInTest" name="test101" time="14.283"/>
  <system-out/>
</testsuite> <!-- tests.SignInTest -->
